This is XeTeX, Version 3.141592653-2.6-0.999994 (TeX Live 2022) (preloaded format=xelatex 2022.7.4)  29 OCT 2022 15:17
entering extended mode
 restricted \write18 enabled.
 %&-line parsing enabled.
**report/report.tex
(./report/report.tex
LaTeX2e <2021-11-15> patch level 1
L3 programming layer <2022-02-24>

! LaTeX Error: File `IEEEtran.cls' not found.

Type X to quit or <RETURN> to proceed,
or enter new name. (Default extension: cls)

Enter file name: x
! Interruption.
<to be read again> 
                   }
l.2 \usepackage
               {graphicx}^^M
? x
 
Here is how much of TeX's memory you used:
 23 strings out of 477696
 406 string characters out of 5841669
 292091 words of memory out of 5000000
 20784 multiletter control sequences out of 15000+600000
 469259 words of font info for 28 fonts, out of 8000000 for 9000
 319 hyphenation exceptions out of 8191
 19i,0n,29p,82b,17s stack positions out of 10000i,1000n,20000p,200000b,200000s
No pages of output.
